<?xml version="1.0" encoding="UTF-8"?>
<testng-results skipped="0" failed="0" ignored="0" total="1" passed="1">
  <reporter-output>
  </reporter-output>
  <suite name="Gradle suite" duration-ms="48391" started-at="2018-07-10T13:31:15Z" finished-at="2018-07-10T13:32:03Z">
    <groups>
    </groups>
    <test name="Gradle test" duration-ms="48391" started-at="2018-07-10T13:31:15Z" finished-at="2018-07-10T13:32:03Z">
      <class name="steps.StartingSteps">
        <test-method status="PASS" signature="setUp()[pri:0, instance:steps.StartingSteps@1d340d8b]" name="setUp" is-config="true" duration-ms="16867" started-at="2018-07-10T13:31:15Z" finished-at="2018-07-10T13:31:32Z">
          <reporter-output>
          </reporter-output>
        </test-method> <!-- setUp -->
        <test-method status="PASS" signature="sampleTest()[pri:0, instance:steps.StartingSteps@1d340d8b]" name="sampleTest" duration-ms="29984" started-at="2018-07-10T13:31:32Z" finished-at="2018-07-10T13:32:02Z">
          <reporter-output>
          </reporter-output>
        </test-method> <!-- sampleTest -->
        <test-method status="PASS" signature="teardown()[pri:0, instance:steps.StartingSteps@1d340d8b]" name="teardown" is-config="true" duration-ms="1497" started-at="2018-07-10T13:32:02Z" finished-at="2018-07-10T13:32:03Z">
          <reporter-output>
          </reporter-output>
        </test-method> <!-- teardown -->
      </class> <!-- steps.StartingSteps -->
    </test> <!-- Gradle test -->
  </suite> <!-- Gradle suite -->
</testng-results>
